0 info it worked if it ends with ok
1 verbose cli [ 'D:\\Program Files\\nodejs\\node.exe',
1 verbose cli   'C:\\Users\\xeon\\AppData\\Roaming\\npm\\node_modules\\cnpm\\node_modules\\npm\\bin\\npm-cli.js',
1 verbose cli   '--userconfig=C:\\Users\\xeon\\.cnpmrc',
1 verbose cli   '--disturl=https://npm.taobao.org/mirrors/node',
1 verbose cli   '--registry=https://registry.npm.taobao.org',
1 verbose cli   'run',
1 verbose cli   'dev' ]
2 info using npm@3.10.10
3 info using node@v8.9.1
4 verbose run-script [ 'predev', 'dev', 'postdev' ]
5 info lifecycle vue-multipage-demo@1.0.0~predev: vue-multipage-demo@1.0.0
6 silly lifecycle vue-multipage-demo@1.0.0~predev: no script for predev, continuing
7 info lifecycle vue-multipage-demo@1.0.0~dev: vue-multipage-demo@1.0.0
8 verbose lifecycle vue-multipage-demo@1.0.0~dev: unsafe-perm in lifecycle true
9 verbose lifecycle vue-multipage-demo@1.0.0~dev: PATH: C:\Users\xeon\AppData\Roaming\npm\node_modules\cnpm\node_modules\npm\bin\node-gyp-bin;E:\workspace\github\d3Api\node_modules\.bin;C:\Windows\system32;C:\Windows;C:\Windows\System32\Wbem;C:\Windows\System32\WindowsPowerShell\v1.0\;C:\Program Files\Intel\WiFi\bin\;C:\Program Files\Common Files\Intel\WirelessCommon\;C:\Program Files (x86)\NVIDIA Corporation\PhysX\Common;D:\Program Files\TortoiseSVN\bin;d:\Program Files\OpenVPN\bin;D:\Program Files\nodejs\;d:\Ruby200\bin;C:\Users\xeon\AppData\Roaming\npm
10 verbose lifecycle vue-multipage-demo@1.0.0~dev: CWD: E:\workspace\github\d3Api
11 silly lifecycle vue-multipage-demo@1.0.0~dev: Args: [ '/d /s /c', 'node build/dev-server.js' ]
12 silly lifecycle vue-multipage-demo@1.0.0~dev: Returned: code: 1  signal: null
13 info lifecycle vue-multipage-demo@1.0.0~dev: Failed to exec dev script
14 verbose stack Error: vue-multipage-demo@1.0.0 dev: `node build/dev-server.js`
14 verbose stack Exit status 1
14 verbose stack     at EventEmitter.<anonymous> (C:\Users\xeon\AppData\Roaming\npm\node_modules\cnpm\node_modules\npm\lib\utils\lifecycle.js:255:16)
14 verbose stack     at emitTwo (events.js:126:13)
14 verbose stack     at EventEmitter.emit (events.js:214:7)
14 verbose stack     at ChildProcess.<anonymous> (C:\Users\xeon\AppData\Roaming\npm\node_modules\cnpm\node_modules\npm\lib\utils\spawn.js:40:14)
14 verbose stack     at emitTwo (events.js:126:13)
14 verbose stack     at ChildProcess.emit (events.js:214:7)
14 verbose stack     at maybeClose (internal/child_process.js:925:16)
14 verbose stack     at Process.ChildProcess._handle.onexit (internal/child_process.js:209:5)
15 verbose pkgid vue-multipage-demo@1.0.0
16 verbose cwd E:\workspace\github\d3Api
17 error Windows_NT 10.0.10586
18 error argv "D:\\Program Files\\nodejs\\node.exe" "C:\\Users\\xeon\\AppData\\Roaming\\npm\\node_modules\\cnpm\\node_modules\\npm\\bin\\npm-cli.js" "--userconfig=C:\\Users\\xeon\\.cnpmrc" "--disturl=https://npm.taobao.org/mirrors/node" "--registry=https://registry.npm.taobao.org" "run" "dev"
19 error node v8.9.1
20 error npm  v3.10.10
21 error code ELIFECYCLE
22 error vue-multipage-demo@1.0.0 dev: `node build/dev-server.js`
22 error Exit status 1
23 error Failed at the vue-multipage-demo@1.0.0 dev script 'node build/dev-server.js'.
23 error Make sure you have the latest version of node.js and npm installed.
23 error If you do, this is most likely a problem with the vue-multipage-demo package,
23 error not with npm itself.
23 error Tell the author that this fails on your system:
23 error     node build/dev-server.js
23 error You can get information on how to open an issue for this project with:
23 error     npm bugs vue-multipage-demo
23 error Or if that isn't available, you can get their info via:
23 error     npm owner ls vue-multipage-demo
23 error There is likely additional logging output above.
24 verbose exit [ 1, true ]
